<?xml version="1.0" encoding="UTF-8"?>
<!-- Generated by org.testng.reporters.JUnitReportReporter -->
<testsuite skipped="0" hostname="Cems-MBP.fios-router.home" name="com.cembas.test.GoCanvas.AppTest" tests="1" failures="0" timestamp="05 Sep 2018 14:53:18 GMT" time="70.452" errors="0">
  <testcase name="mobileChallenge" time="70.452" classname="com.cembas.test.GoCanvas.AppTest"/>
</testsuite> <!-- com.cembas.test.GoCanvas.AppTest -->
